2003  5 21 19 13 12.320  5.2   37.1000     3.8610  10.94  11.4100  28.8700    10     0    1053544392321   999.0   99.0   999.0   99.0   99.0   0.990  E   0.000 0.00
2003  5 21 19  2 11.410  5.6   37.0410     3.6140  10.94  14.9400  24.6800    26    57    1053543731406   310.1   79.9  -147.5   24.0   24.7   0.207  C   0.886 0.65
        355.26     6.00   100.00  -0.0086  -0.1042   0.9945   0.2539   0.9617   0.1029
        296.32    72.00  -154.00  -0.8525  -0.4216   0.3090   0.2770  -0.8657  -0.4169
        124.19    84.00   164.00   0.8226   0.5589   0.1045  -0.5640   0.7789   0.2741
        302.73    78.00  -134.00  -0.8229  -0.5288   0.2079   0.2497  -0.6652  -0.7036
        118.47    80.00   164.00   0.8657   0.4695   0.1736  -0.5004   0.8222   0.2714
        296.01    74.00  -146.00  -0.8639  -0.4216   0.2756   0.2251  -0.8127  -0.5375
        301.26    68.00  -142.00  -0.7926  -0.4811   0.3746   0.2117  -0.7933  -0.5708
        302.36    82.00  -134.00  -0.8365  -0.5300   0.1392   0.2872  -0.6404  -0.7123
        302.36    82.00  -136.00  -0.8365  -0.5300   0.1392   0.3033  -0.6594  -0.6879
        322.00    88.00  -150.00  -0.6153  -0.7875   0.0349   0.6717  -0.5469  -0.4997
        320.40    76.00  -142.00  -0.6185  -0.7476   0.2419   0.5122  -0.6171  -0.5974
        331.36    78.00  -156.00  -0.4688  -0.8585   0.2079   0.7613  -0.5120  -0.3978
        126.00    86.00   164.00   0.8070   0.5864   0.0698  -0.5806   0.7664   0.2750
         13.17    66.00  -162.00   0.2082  -0.8895   0.4067   0.9547   0.0943  -0.2823
        303.41    68.00  -144.00  -0.7739  -0.5106   0.3746   0.2617  -0.7966  -0.5450
        110.34    80.00   166.00   0.9234   0.3423   0.1736  -0.3766   0.8952   0.2382
        298.31    82.00  -144.00  -0.8718  -0.4697   0.1392   0.3117  -0.7510  -0.5821
         54.00    16.00   156.00   0.2230  -0.1620   0.9613   0.2207   0.9689   0.1121
        296.63    70.00  -134.00  -0.8400  -0.4212   0.3420   0.0914  -0.7312  -0.6760
        190.23    78.00   154.00  -0.1737   0.9626   0.2079  -0.8683  -0.2493   0.4288
        304.38    82.00  -148.00  -0.8173  -0.5592   0.1392   0.4180  -0.7415  -0.5248
        307.63    80.00  -150.00  -0.7800  -0.6012   0.1736   0.4600  -0.7389  -0.4924
        320.00    88.00  -146.00  -0.6424  -0.7656   0.0349   0.6225  -0.5478  -0.5589
        296.00    86.00  -168.00  -0.8966  -0.4373   0.0698   0.4158  -0.8855  -0.2074
         32.73    78.00  -158.00   0.5288  -0.8229   0.2079   0.8221   0.4358  -0.3664
        305.15    70.00  -148.00  -0.7684  -0.5410   0.3420   0.3400  -0.7978  -0.4980
        172.92    82.00   134.00   0.1220   0.9827   0.1392  -0.7017  -0.0137   0.7123
        118.64    78.00   164.00   0.8585   0.4688   0.2079  -0.5110   0.8162   0.2696
        310.45    82.00  -152.00  -0.7536  -0.6425   0.1392   0.5231  -0.7143  -0.4649
        294.00    88.00  -166.00  -0.9130  -0.4065   0.0349   0.3869  -0.8898  -0.2418
        301.17    84.00  -148.00  -0.8509  -0.5148   0.1045   0.3916  -0.7543  -0.5270
        314.74    74.00  -138.00  -0.6828  -0.6766   0.2756   0.3921  -0.6577  -0.6432
        301.26    68.00  -144.00  -0.7926  -0.4811   0.3746   0.2316  -0.8058  -0.5450
        328.65    82.00  -156.00  -0.5152  -0.8457   0.1392   0.7507  -0.5236  -0.4028
        295.71    76.00  -154.00  -0.8742  -0.4210   0.2419   0.2944  -0.8558  -0.4253
        332.03    80.00  -144.00  -0.4618  -0.8698   0.1736   0.6667  -0.4695  -0.5789
        283.07    84.00  -160.00  -0.9687  -0.2249   0.1045   0.1777  -0.9234  -0.3401
        142.00    90.00   156.00  -0.6157  -0.7880  -0.0000   0.7199  -0.5624  -0.4067
        312.17    76.00  -138.00  -0.7191  -0.6514   0.2419   0.3789  -0.6595  -0.6493
        306.42    74.00  -156.00  -0.7736  -0.5706   0.2756   0.4521  -0.8017  -0.3910
        136.00    90.00   144.00  -0.6947  -0.7193  -0.0000   0.5820  -0.5620  -0.5878
        322.58    82.00  -140.00  -0.6017  -0.7865   0.1392   0.5541  -0.5365  -0.6365
        116.15    84.00   166.00   0.8928   0.4382   0.1045  -0.4503   0.8599   0.2406
        124.38    82.00   164.00   0.8173   0.5592   0.1392  -0.5745   0.7717   0.2730
        298.76    70.00  -136.00  -0.8238  -0.4521   0.3420   0.1378  -0.7449  -0.6528
        330.00    80.00  -154.00  -0.4924  -0.8529   0.1736   0.7403  -0.5153  -0.4317
        326.00    86.00  -150.00  -0.5578  -0.8270   0.0698   0.6985  -0.5132  -0.4988
        318.90    74.00  -144.00  -0.6319  -0.7244   0.2756   0.5032  -0.6539  -0.5650
        292.50    78.00  -146.00  -0.9037  -0.3743   0.2079   0.2098  -0.8104  -0.5470
        303.18    84.00  -148.00  -0.8323  -0.5443   0.1045   0.4178  -0.7401  -0.5270
        308.86    78.00  -156.00  -0.7616  -0.6138   0.2079   0.5074  -0.7644  -0.3978
        304.34    74.00  -136.00  -0.7938  -0.5422   0.2756   0.2476  -0.7020  -0.6677
        318.90    74.00  -154.00  -0.6319  -0.7244   0.2756   0.5979  -0.6819  -0.4214
        308.06    76.00  -154.00  -0.7640  -0.5981   0.2419   0.4706  -0.7731  -0.4253
        311.05    72.00  -152.00  -0.7172  -0.6246   0.3090   0.4705  -0.7611  -0.4465
        312.95    78.00  -152.00  -0.7159  -0.6665   0.2079   0.5302  -0.7127  -0.4592
        114.00    88.00   168.00   0.9130   0.4065   0.0349  -0.4045   0.8906   0.2078
        290.00    88.00  -166.00  -0.9391  -0.3418   0.0349   0.3239  -0.9147  -0.2418
         18.86    68.00  -160.00   0.2998  -0.8774   0.3746   0.9307   0.1826  -0.3171
        148.00    88.00   152.00   0.5296   0.8475   0.0349  -0.7575   0.4540   0.4692
        323.18    78.00  -146.00  -0.5862  -0.7830   0.2079   0.5940  -0.5899  -0.5470
        329.32    78.00  -152.00  -0.4991  -0.8412   0.2079   0.7095  -0.5345  -0.4592
        293.66    76.00  -134.00  -0.8888  -0.3893   0.2419   0.1193  -0.7061  -0.6980
        140.00    90.00   150.00  -0.6428  -0.7660  -0.0000   0.6634  -0.5567  -0.5000
        317.05    78.00  -150.00  -0.6665  -0.7159   0.2079   0.5630  -0.6662  -0.4891
        316.82    74.00  -134.00  -0.6578  -0.7010   0.2756   0.3709  -0.6199  -0.6915
        305.15    70.00  -142.00  -0.7684  -0.5410   0.3420   0.2815  -0.7656  -0.5785
        332.00    88.00  -156.00  -0.4692  -0.8824   0.0349   0.7999  -0.4414  -0.4065
        298.76    70.00  -140.00  -0.8238  -0.4521   0.3420   0.1758  -0.7773  -0.6040
        321.14    78.00  -144.00  -0.6138  -0.7616   0.2079   0.5533  -0.6028  -0.5749
        320.40    76.00  -146.00  -0.6185  -0.7476   0.2419   0.5526  -0.6327  -0.5426
        320.98    74.00  -142.00  -0.6052  -0.7469   0.2756   0.5054  -0.6279  -0.5918
        300.00    88.00  -166.00  -0.8655  -0.4997   0.0349   0.4778  -0.8445  -0.2418
        304.77    78.00  -138.00  -0.8035  -0.5579   0.2079   0.3096  -0.6898  -0.6545
        326.00    88.00  -154.00  -0.5589  -0.8285   0.0349   0.7366  -0.5153  -0.4381
        301.26    68.00  -156.00  -0.7926  -0.4811   0.3746   0.3438  -0.8600  -0.3771
        301.17    84.00  -144.00  -0.8509  -0.5148   0.1045   0.3662  -0.7240  -0.5846
        305.20    84.00  -148.00  -0.8127  -0.5732   0.1045   0.4435  -0.7249  -0.5270
        116.00    86.00   166.00   0.8966   0.4373   0.0698  -0.4405   0.8647   0.2413
        294.21    72.00  -150.00  -0.8674  -0.3900   0.3090   0.2142  -0.8532  -0.4755
         65.34    24.00   158.00   0.3696  -0.1697   0.9135   0.0758   0.9854   0.1524
        304.38    82.00  -156.00  -0.8173  -0.5592   0.1392   0.4692  -0.7859  -0.4028
        316.00    86.00  -152.00  -0.6930  -0.7176   0.0698   0.6124  -0.6369  -0.4683
        330.00    80.00  -144.00  -0.4924  -0.8529   0.1736   0.6496  -0.4929  -0.5789
        322.58    82.00  -154.00  -0.6017  -0.7865   0.1392   0.6768  -0.5946  -0.4341
        152.00    90.00   156.00  -0.4695  -0.8829  -0.0000   0.8066  -0.4289  -0.4067
        328.00    86.00  -156.00  -0.5286  -0.8460   0.0698   0.7597  -0.5082  -0.4057
        302.25    74.00  -138.00  -0.8129  -0.5130   0.2756   0.2406  -0.7269  -0.6432
        287.49    76.00  -154.00  -0.9255  -0.2915   0.2419   0.1689  -0.8891  -0.4253
        306.00    76.00  -136.00  -0.7850  -0.5703   0.2419   0.2869  -0.6807  -0.6740
        327.27    78.00  -154.00  -0.5288  -0.8229   0.2079   0.7068  -0.5626  -0.4288
        309.66    80.00  -140.00  -0.7581  -0.6285   0.1736   0.4030  -0.6610  -0.6330
        296.00    86.00  -166.00  -0.8966  -0.4373   0.0698   0.4102  -0.8795  -0.2413
        108.41    78.00   166.00   0.9281   0.3089   0.2079  -0.3541   0.9048   0.2366
        158.00    86.00    96.00   0.3737   0.9249   0.0698  -0.1229  -0.0252   0.9921
        316.82    74.00  -148.00  -0.6578  -0.7010   0.2756   0.5185  -0.6868  -0.5094
        116.59    78.00   164.00   0.8747   0.4378   0.2079  -0.4815   0.8339   0.2696
        181.53    80.00   126.00  -0.0262   0.9845   0.1736  -0.5838  -0.1561   0.7967
        304.77    78.00  -156.00  -0.8035  -0.5579   0.2079   0.4516  -0.7986  -0.3978
        325.14    74.00  -154.00  -0.5494  -0.7888   0.2756   0.6685  -0.6128  -0.4214
        317.37    72.00  -138.00  -0.6441  -0.6997   0.3090   0.4067  -0.6554  -0.6364
        306.84    72.00  -136.00  -0.7611  -0.5703   0.3090   0.2595  -0.7044  -0.6607
        301.53    80.00  -138.00  -0.8395  -0.5149   0.1736   0.2895  -0.6942  -0.6590
        321.28    84.00  -144.00  -0.6220  -0.7760   0.1045   0.5928  -0.5539  -0.5846
         83.33    64.00   170.00   0.8927  -0.1043   0.4384   0.0387   0.9870   0.1561
        124.58    80.00   164.00   0.8109   0.5589   0.1736  -0.5849   0.7643   0.2714
        319.09    78.00  -152.00  -0.6406  -0.7392   0.2079   0.6034  -0.6520  -0.4592
        302.00    90.00  -164.00   0.8480   0.5299  -0.0000  -0.5094   0.8152   0.2756
        340.79    82.00  -154.00  -0.3259  -0.9351   0.1392   0.8287  -0.3534  -0.4341
        293.39    80.00  -152.00  -0.9039  -0.3910   0.1736   0.2757  -0.8428  -0.4623
        330.00    86.00  -154.00  -0.4988  -0.8639   0.0698   0.7631  -0.4759  -0.4373
        325.93    80.00  -152.00  -0.5517  -0.8158   0.1736   0.6857  -0.5621  -0.4623
        158.00    86.00    94.00   0.3737   0.9249   0.0698  -0.0907  -0.0384   0.9951
        308.95    72.00  -144.00  -0.7397  -0.5978   0.3090   0.3673  -0.7434  -0.5590
        293.93    74.00  -142.00  -0.8786  -0.3899   0.2756   0.1645  -0.7891  -0.5918
        318.54    82.00  -138.00  -0.6557  -0.7421   0.1392   0.4953  -0.5618  -0.6626
        296.32    72.00  -148.00  -0.8525  -0.4216   0.3090   0.2292  -0.8328  -0.5040
        318.90    74.00  -152.00  -0.6319  -0.7244   0.2756   0.5803  -0.6779  -0.4513
         31.94    10.00   130.00   0.0919  -0.1474   0.9848   0.1464   0.9802   0.1330
        114.55    78.00   164.00   0.8898   0.4063   0.2079  -0.4515   0.8506   0.2696
         82.60    54.00   168.00   0.8023  -0.1042   0.5878   0.0047   0.9857   0.1682
        314.49    82.00  -154.00  -0.7064  -0.6940   0.1392   0.5864  -0.6839  -0.4341
        324.00    88.00  -152.00  -0.5874  -0.8085   0.0349   0.7047  -0.5322  -0.4692
        304.34    74.00  -146.00  -0.7938  -0.5422   0.2756   0.3403  -0.7715  -0.5375
        317.37    72.00  -152.00  -0.6441  -0.6997   0.3090   0.5513  -0.7047  -0.4465
        291.60    76.00  -152.00  -0.9022  -0.3572   0.2419   0.2194  -0.8628  -0.4555
        328.00    86.00  -148.00  -0.5286  -0.8460   0.0698   0.6996  -0.4807  -0.5286
        126.40    82.00   164.00   0.7970   0.5877   0.1392  -0.6014   0.7509   0.2730
        304.74    72.00  -144.00  -0.7816  -0.5419   0.3090   0.3117  -0.7683  -0.5590
        302.36    82.00  -146.00  -0.8365  -0.5300   0.1392   0.3780  -0.7419  -0.5538
        320.40    76.00  -154.00  -0.6185  -0.7476   0.2419   0.6249  -0.6546  -0.4253
        322.46    76.00  -142.00  -0.5913  -0.7693   0.2419   0.5341  -0.5983  -0.5974
        321.14    78.00  -140.00  -0.6138  -0.7616   0.2079   0.5126  -0.5847  -0.6287
        302.63    72.00  -154.00  -0.8009  -0.5128   0.3090   0.3706  -0.8300  -0.4169
        307.63    80.00  -142.00  -0.7800  -0.6012   0.1736   0.3964  -0.6894  -0.6063
        294.00    86.00  -168.00  -0.9113  -0.4057   0.0698   0.3846  -0.8995  -0.2074
        307.63    80.00  -156.00  -0.7800  -0.6012   0.1736   0.5018  -0.7666  -0.4006
        295.42    80.00  -134.00  -0.8894  -0.4228   0.1736   0.1854  -0.6810  -0.7084
        304.74    72.00  -132.00  -0.7816  -0.5419   0.3090   0.1926  -0.6807  -0.7068
        136.00    90.00   148.00  -0.6947  -0.7193  -0.0000   0.6100  -0.5891  -0.5299
         28.29    76.00  -160.00   0.4598  -0.8544   0.2419   0.8667   0.3724  -0.3319
        300.53    72.00  -152.00  -0.8192  -0.4831   0.3090   0.3235  -0.8343  -0.4465
        297.46    80.00  -154.00  -0.8739  -0.4541   0.1736   0.3469  -0.8326  -0.4317
        308.50    74.00  -154.00  -0.7523  -0.5984   0.2756   0.4649  -0.7786  -0.4214
        315.00    78.00  -142.00  -0.6917  -0.6917   0.2079   0.4667  -0.6477  -0.6022
        304.77    78.00  -136.00  -0.8035  -0.5579   0.2079   0.2916  -0.6733  -0.6795
        320.00    90.00  -150.00   0.6428   0.7660  -0.0000  -0.6634   0.5567   0.5000
        294.21    72.00  -152.00  -0.8674  -0.3900   0.3090   0.2298  -0.8648  -0.4465
        121.21    74.00   164.00   0.8221   0.4982   0.2756  -0.5631   0.7827   0.2650
        293.66    76.00  -136.00  -0.8888  -0.3893   0.2419   0.1347  -0.7263  -0.6740
        330.00    80.00  -142.00  -0.4924  -0.8529   0.1736   0.6290  -0.4866  -0.6063
        294.21    72.00  -156.00  -0.8674  -0.3900   0.3090   0.2600  -0.8847  -0.3868
        122.36    82.00   164.00   0.8365   0.5300   0.1392  -0.5469   0.7915   0.2730
        323.90    80.00  -154.00  -0.5803  -0.7957   0.1736   0.6813  -0.5911  -0.4317
        321.28    84.00  -148.00  -0.6220  -0.7760   0.1045   0.6271  -0.5736  -0.5270
        308.50    74.00  -134.00  -0.7523  -0.5984   0.2756   0.2772  -0.6671  -0.6915
        308.86    78.00  -150.00  -0.7616  -0.6138   0.2079   0.4625  -0.7396  -0.4891
        322.46    76.00  -150.00  -0.5913  -0.7693   0.2419   0.6130  -0.6236  -0.4851
        289.77    74.00  -146.00  -0.9046  -0.3251   0.2756   0.1354  -0.8323  -0.5375
         85.17    56.00   168.00   0.8261  -0.0698   0.5592  -0.0335   0.9845   0.1724
        124.00    88.00   164.00   0.8285   0.5589   0.0349  -0.5455   0.7915   0.2755
        288.41    78.00  -148.00  -0.9281  -0.3089   0.2079   0.1633  -0.8394  -0.5183
        332.00    88.00  -154.00  -0.4692  -0.8824   0.0349   0.7864  -0.4355  -0.4381
         34.46    76.00  -158.00   0.5490  -0.8001   0.2419   0.8158   0.4499  -0.3635
        296.32    72.00  -152.00  -0.8525  -0.4216   0.3090   0.2614  -0.8558  -0.4465
        326.00    86.00  -154.00  -0.5578  -0.8270   0.0698   0.7280  -0.5280  -0.4373
        311.05    72.00  -132.00  -0.7172  -0.6246   0.3090   0.2663  -0.6554  -0.7068
        296.63    70.00  -156.00  -0.8400  -0.4212   0.3420   0.2851  -0.8790  -0.3822
        310.58    74.00  -134.00  -0.7301  -0.6253   0.2756   0.3013  -0.6566  -0.6915
        298.42    72.00  -146.00  -0.8364  -0.4527   0.3090   0.2426  -0.8114  -0.5318
        311.23    84.00  -146.00  -0.7480  -0.6555   0.1045   0.5024  -0.6620  -0.5561
        300.68    78.00  -142.00  -0.8412  -0.4991   0.2079   0.2920  -0.7430  -0.6022
        303.94    76.00  -154.00  -0.8050  -0.5418   0.2419   0.4139  -0.8049  -0.4253
        298.64    78.00  -152.00  -0.8585  -0.4688   0.2079   0.3375  -0.8217  -0.4592
        325.31    84.00  -144.00  -0.5661  -0.8177   0.1045   0.6302  -0.5110  -0.5846
        320.00    88.00  -152.00  -0.6424  -0.7656   0.0349   0.6658  -0.5801  -0.4692
        293.93    74.00  -154.00  -0.8786  -0.3899   0.2756   0.2541  -0.8705  -0.4214
        302.36    82.00  -138.00  -0.8365  -0.5300   0.1392   0.3191  -0.6776  -0.6626
        288.00    88.00  -166.00  -0.9505  -0.3088   0.0349   0.2918  -0.9254  -0.2418
        308.50    74.00  -144.00  -0.7523  -0.5984   0.2756   0.3768  -0.7340  -0.5650
        312.00    86.00  -154.00  -0.7413  -0.6675   0.0698   0.5787  -0.6884  -0.4373
        306.82    78.00  -148.00  -0.7830  -0.5862   0.2079   0.4200  -0.7449  -0.5183
        323.18    78.00  -152.00  -0.5862  -0.7830   0.2079   0.6483  -0.6073  -0.4592
        313.73    80.00  -140.00  -0.7116  -0.6807   0.1736   0.4489  -0.6307  -0.6330
        331.34    84.00  -146.00  -0.4770  -0.8727   0.1045   0.6994  -0.4489  -0.5561
        302.73    78.00  -152.00  -0.8229  -0.5288   0.2079   0.3952  -0.7956  -0.4592
        292.00    90.00  -168.00   0.9272   0.3746  -0.0000  -0.3664   0.9069   0.2079
        332.03    80.00  -146.00  -0.4618  -0.8698   0.1736   0.6867  -0.4745  -0.5507
        294.55    78.00  -136.00  -0.8898  -0.4063   0.2079   0.1674  -0.7143  -0.6795
        108.00    86.00   166.00   0.9487   0.3083   0.0698  -0.3159   0.9176   0.2413
        306.40    82.00  -138.00  -0.7970  -0.5877   0.1392   0.3661  -0.6534  -0.6626
        312.47    82.00  -136.00  -0.7304  -0.6687   0.1392   0.4144  -0.5959  -0.6879
        140.00    90.00   152.00  -0.6428  -0.7660  -0.0000   0.6764  -0.5675  -0.4695
        300.00    90.00  -166.00   0.8660   0.5000  -0.0000  -0.4851   0.8403   0.2419
        308.00    86.00  -138.00  -0.7861  -0.6142   0.0698   0.4207  -0.6143  -0.6675
        331.39    74.00  -160.00  -0.4603  -0.8439   0.2756   0.7798  -0.5328  -0.3288
        329.32    78.00  -144.00  -0.4991  -0.8412   0.2079   0.6334  -0.5179  -0.5749
        311.54    70.00  -134.00  -0.7034  -0.6231   0.3420   0.2765  -0.6831  -0.6760
        114.55    78.00   166.00   0.8898   0.4063   0.2079  -0.4488   0.8617   0.2366
        303.56    80.00  -138.00  -0.8207  -0.5444   0.1736   0.3140  -0.6835  -0.6590
        320.00    86.00  -156.00  -0.6412  -0.7642   0.0698   0.6816  -0.6090  -0.4057
        294.55    78.00  -140.00  -0.8898  -0.4063   0.2079   0.1967  -0.7523  -0.6287
        324.61    82.00  -156.00  -0.5735  -0.8073   0.1392   0.7119  -0.5753  -0.4028
        316.00    86.00  -156.00  -0.6930  -0.7176   0.0698   0.6374  -0.6550  -0.4057
        318.54    82.00  -142.00  -0.6557  -0.7421   0.1392   0.5338  -0.5860  -0.6097
        319.27    84.00  -154.00  -0.6489  -0.7537   0.1045   0.6512  -0.6211  -0.4360
        314.49    82.00  -138.00  -0.7064  -0.6940   0.1392   0.4544  -0.5954  -0.6626
        334.72    82.00  -150.00  -0.4229  -0.8954   0.1392   0.7534  -0.4328  -0.4951
         75.74    34.00   162.00   0.5420  -0.1377   0.8290  -0.0141   0.9849   0.1728
        326.00    86.00  -156.00  -0.5578  -0.8270   0.0698   0.7415  -0.5344  -0.4057
        343.64    78.00  -156.00  -0.2756  -0.9385   0.2079   0.8527  -0.3385  -0.3978
        304.77    78.00  -134.00  -0.8035  -0.5579   0.2079   0.2733  -0.6559  -0.7036
         27.49    68.00  -160.00   0.4279  -0.8225   0.3746   0.8928   0.3200  -0.3171
        316.52    82.00  -150.00  -0.6814  -0.7185   0.1392   0.5805  -0.6464  -0.4951
        315.00    78.00  -144.00  -0.6917  -0.6917   0.2079   0.4856  -0.6585  -0.5749
        296.29    82.00  -150.00  -0.8878  -0.4386   0.1392   0.3212  -0.8073  -0.4951
        302.36    82.00  -150.00  -0.8365  -0.5300   0.1392   0.4047  -0.7688  -0.4951
         85.79    72.00   170.00   0.9485  -0.0698   0.3090   0.0188   0.9861   0.1651
        312.00    88.00  -142.00  -0.7427  -0.6687   0.0349   0.5113  -0.6000  -0.6153
        316.00    86.00  -140.00  -0.6930  -0.7176   0.0698   0.5199  -0.5644  -0.6412
        330.00    86.00  -150.00  -0.4988  -0.8639   0.0698   0.7326  -0.4632  -0.4988
        181.53    80.00    94.00  -0.0262   0.9845   0.1736  -0.0651  -0.1750   0.9824
        300.53    72.00  -140.00  -0.8192  -0.4831   0.3090   0.2180  -0.7608  -0.6113
        298.64    78.00  -142.00  -0.8585  -0.4688   0.2079   0.2653  -0.7530  -0.6022
        142.00    90.00   146.00  -0.6157  -0.7880  -0.0000   0.6533  -0.5104  -0.5592
        293.93    74.00  -156.00  -0.8786  -0.3899   0.2756   0.2681  -0.8805  -0.3910
        296.59    78.00  -144.00  -0.8747  -0.4378   0.2079   0.2528  -0.7781  -0.5749
        291.60    76.00  -144.00  -0.9022  -0.3572   0.2419   0.1656  -0.8046  -0.5703
        324.00    86.00  -148.00  -0.5864  -0.8070   0.0698   0.6644  -0.5284  -0.5286
        294.55    78.00  -138.00  -0.8898  -0.4063   0.2079   0.1822  -0.7338  -0.6545
        304.77    78.00  -154.00  -0.8035  -0.5579   0.2079   0.4377  -0.7903  -0.4288
        323.30    84.00  -150.00  -0.5944  -0.7973   0.1045   0.6631  -0.5595  -0.4973
        312.17    76.00  -136.00  -0.7191  -0.6514   0.2419   0.3584  -0.6460  -0.6740
        293.93    74.00  -136.00  -0.8786  -0.3899   0.2756   0.1168  -0.7352  -0.6677
        152.00    90.00   154.00  -0.4695  -0.8829  -0.0000   0.7936  -0.4220  -0.4384
        330.00    80.00  -148.00  -0.4924  -0.8529   0.1736   0.6884  -0.5037  -0.5219
        321.86    80.00  -144.00  -0.6081  -0.7746   0.1736   0.5733  -0.5799  -0.5789
         14.21     6.00   122.00   0.0257  -0.1013   0.9945   0.3067   0.9477   0.0886
         18.00     8.00   118.00   0.0430  -0.1324   0.9903   0.1763   0.9766   0.1229
        307.21    84.00  -140.00  -0.7921  -0.6014   0.1045   0.4097  -0.6508  -0.6393
        324.61    82.00  -144.00  -0.5735  -0.8073   0.1392   0.6121  -0.5353  -0.5821
        190.23    78.00   152.00  -0.1737   0.9626   0.2079  -0.8516  -0.2528   0.4592
        302.36    82.00  -152.00  -0.8365  -0.5300   0.1392   0.4174  -0.7808  -0.4649
        302.36    82.00  -142.00  -0.8365  -0.5300   0.1392   0.3494  -0.7115  -0.6097
        289.77    74.00  -156.00  -0.9046  -0.3251   0.2756   0.2035  -0.8976  -0.3910
        158.00    86.00   120.00   0.3737   0.9249   0.0698  -0.4862   0.1313   0.8639
        314.49    82.00  -148.00  -0.7064  -0.6940   0.1392   0.5417  -0.6566  -0.5248
        120.00    86.00   166.00   0.8639   0.4988   0.0698  -0.4998   0.8319   0.2413
        307.28    70.00  -134.00  -0.7477  -0.5692   0.3420   0.2250  -0.7018  -0.6760
        300.89    70.00  -152.00  -0.8064  -0.4824   0.3420   0.3155  -0.8402  -0.4412
        303.18    84.00  -136.00  -0.8323  -0.5443   0.1045   0.3330  -0.6418  -0.6909
        293.93    74.00  -146.00  -0.8786  -0.3899   0.2756   0.1954  -0.8203  -0.5375
        300.89    70.00  -148.00  -0.8064  -0.4824   0.3420   0.2798  -0.8208  -0.4980
        322.46    76.00  -148.00  -0.5913  -0.7693   0.2419   0.5943  -0.6184  -0.5142
        294.00    90.00  -168.00   0.9135   0.4067  -0.0000  -0.3978   0.8936   0.2079
        322.46    76.00  -154.00  -0.5913  -0.7693   0.2419   0.6480  -0.6318  -0.4253
        306.40    82.00  -152.00  -0.7970  -0.5877   0.1392   0.4714  -0.7494  -0.4649
        325.14    74.00  -138.00  -0.5494  -0.7888   0.2756   0.5044  -0.5761  -0.6432
        309.22    84.00  -136.00  -0.7705  -0.6288   0.1045   0.3986  -0.6032  -0.6909
        311.23    84.00  -150.00  -0.7480  -0.6555   0.1045   0.5315  -0.6858  -0.4973
        286.36    78.00  -156.00  -0.9385  -0.2756   0.2079   0.1762  -0.9004  -0.3978
        323.06    74.00  -148.00  -0.5776  -0.7683   0.2756   0.5901  -0.6264  -0.5094
         20.53    72.00  -162.00   0.3335  -0.8907   0.3090   0.9242   0.2440  -0.2939
         57.86    18.00   152.00   0.2617  -0.1644   0.9511   0.0917   0.9852   0.1451
         14.21    72.00  -164.00   0.2335  -0.9220   0.3090   0.9528   0.1534  -0.2621
        136.00    90.00   146.00  -0.6947  -0.7193  -0.0000   0.5964  -0.5759  -0.5592
        306.42    74.00  -140.00  -0.7736  -0.5706   0.2756   0.3122  -0.7216  -0.6179
        331.34    84.00  -156.00  -0.4770  -0.8727   0.1045   0.7812  -0.4754  -0.4045
        298.42    72.00  -152.00  -0.8364  -0.4527   0.3090   0.2926  -0.8456  -0.4465
        328.63    76.00  -144.00  -0.5051  -0.8284   0.2419   0.6167  -0.5426  -0.5703
        313.73    80.00  -144.00  -0.7116  -0.6807   0.1736   0.4855  -0.6552  -0.5789
        317.37    72.00  -132.00  -0.6441  -0.6997   0.3090   0.3368  -0.6221  -0.7068
        118.00    86.00   166.00   0.8808   0.4683   0.0698  -0.4704   0.8488   0.2413
        308.95    72.00  -134.00  -0.7397  -0.5978   0.3090   0.2638  -0.6800  -0.6841
        140.00    90.00   156.00  -0.6428  -0.7660  -0.0000   0.6998  -0.5872  -0.4067
        312.66    74.00  -134.00  -0.7069  -0.6514   0.2756   0.3249  -0.6452  -0.6915
        302.25    74.00  -140.00  -0.8129  -0.5130   0.2756   0.2590  -0.7424  -0.6179
        309.41    70.00  -148.00  -0.7260  -0.5966   0.3420   0.3983  -0.7703  -0.4980
        296.01    74.00  -148.00  -0.8639  -0.4216   0.2756   0.2406  -0.8262  -0.5094
        332.03    80.00  -156.00  -0.4618  -0.8698   0.1736   0.7737  -0.4908  -0.4006
        308.43    82.00  -150.00  -0.7758  -0.6155   0.1392   0.4837  -0.7217  -0.4951
        317.26    84.00  -144.00  -0.6749  -0.7304   0.1045   0.5525  -0.5942  -0.5846
        116.15    84.00   168.00   0.8928   0.4382   0.1045  -0.4505   0.8685   0.2068
        298.31    82.00  -136.00  -0.8718  -0.4697   0.1392   0.2561  -0.6791  -0.6879
        332.03    80.00  -148.00  -0.4618  -0.8698   0.1736   0.7059  -0.4790  -0.5219
        329.28    68.00  -160.00  -0.4736  -0.7971   0.3746   0.7424  -0.5902  -0.3171
        311.69    80.00  -152.00  -0.7354  -0.6551   0.1736   0.5264  -0.7135  -0.4623
        300.17    74.00  -134.00  -0.8310  -0.4831   0.2756   0.1777  -0.7002  -0.6915
        310.45    82.00  -146.00  -0.7536  -0.6425   0.1392   0.4786  -0.6814  -0.5538
         23.96    70.00  -158.00   0.3817  -0.8587   0.3420   0.8993   0.2595  -0.3520
        301.17    84.00  -150.00  -0.8509  -0.5148   0.1045   0.4036  -0.7680  -0.4973
         30.68    78.00  -160.00   0.4991  -0.8412   0.2079   0.8444   0.4183  -0.3345
        293.39    80.00  -150.00  -0.9039  -0.3910   0.1736   0.2641  -0.8293  -0.4924
        307.63    80.00  -146.00  -0.7800  -0.6012   0.1736   0.4292  -0.7159  -0.5507
        297.77    76.00  -134.00  -0.8585  -0.4521   0.2419   0.1697  -0.6957  -0.6980
        312.47    82.00  -140.00  -0.7304  -0.6687   0.1392   0.4513  -0.6254  -0.6365
        302.63    72.00  -132.00  -0.8009  -0.5128   0.3090   0.1674  -0.6873  -0.7068
        308.95    72.00  -154.00  -0.7397  -0.5978   0.3090   0.4596  -0.7842  -0.4169
        312.95    78.00  -148.00  -0.7159  -0.6665   0.2079   0.4972  -0.6958  -0.5183
        312.00    86.00  -150.00  -0.7413  -0.6675   0.0698   0.5536  -0.6669  -0.4988
2003  5 21 18 51 15.600  6.0   36.9630     3.6880  17.19  21.5600  22.4200    35    51    1053543075143    88.6   56.1   -74.6   39.5   38.5   0.114  D   0.448 0.68
        286.00    30.00  -122.00  -0.4806  -0.1378   0.8660  -0.5599  -0.7118  -0.4240
         28.60    46.00  -118.00   0.3444  -0.6315   0.6947   0.7058  -0.3137  -0.6351
         28.21    48.00  -104.00   0.3513  -0.6549   0.6691   0.5201  -0.4578  -0.7211
         40.34    40.00   -94.00   0.4161  -0.4899   0.7660   0.5479  -0.5373  -0.6412
        249.16    32.00  -124.00  -0.4952   0.1885   0.8480  -0.8560  -0.2725  -0.4393
        242.43    38.00  -114.00  -0.5458   0.2849   0.7880  -0.8264  -0.0274  -0.5624
        160.19    62.00  -110.00   0.2993   0.8307   0.4695  -0.1723   0.5310  -0.8297
         35.22    50.00  -112.00   0.4418  -0.6258   0.6428   0.6497  -0.2709  -0.7103
        218.05    56.00  -134.00  -0.5110   0.6528   0.5592  -0.7949  -0.1114  -0.5964
        176.67    64.00   -90.00   0.0523   0.8973   0.4384   0.0255   0.4376  -0.8988
        359.19    38.00  -102.00  -0.0087  -0.6156   0.7880   0.1970  -0.7737  -0.6022
        198.24    58.00  -112.00  -0.2654   0.8055   0.5299  -0.5095   0.3494  -0.7863
        238.97    40.00  -142.00  -0.5508   0.3314   0.7660  -0.8104  -0.4321  -0.3957
        151.40    46.00   -98.00   0.3444   0.6315   0.6947   0.2072   0.6706  -0.7123
        274.00    30.00  -126.00  -0.4988  -0.0349   0.8660  -0.6579  -0.6352  -0.4045
        248.51    48.00  -120.00  -0.6915   0.2723   0.6691  -0.7224  -0.2529  -0.6436
        307.30    38.00   -92.00  -0.4898  -0.3731   0.7880  -0.6053  -0.5050  -0.6153
        137.55    62.00   -96.00   0.5960   0.6515   0.4695   0.2380   0.4150  -0.8781
        183.91    50.00  -112.00  -0.0523   0.7643   0.6428  -0.4144   0.5690  -0.7103
        252.58    20.00  -104.00  -0.3263   0.1024   0.9397  -0.9424   0.0421  -0.3319
        248.28    40.00  -126.00  -0.5971   0.2379   0.7660  -0.7933  -0.3166  -0.5200
        208.39    56.00  -142.00  -0.3942   0.7293   0.5592  -0.8569  -0.0718  -0.5104
         50.93    46.00  -110.00   0.5585  -0.4534   0.6947   0.7224  -0.1459  -0.6760
        293.77    36.00  -130.00  -0.5379  -0.2370   0.8090  -0.3080  -0.8381  -0.4503
        115.56    70.00  -100.00   0.8477   0.4055   0.3420   0.2289   0.3020  -0.9254
        232.57    34.00  -128.00  -0.4441   0.3398   0.8290  -0.8930  -0.0919  -0.4407
        139.81    62.00   -90.00   0.5698   0.6745   0.4695   0.3030   0.3586  -0.8829
        163.29    68.00  -148.00   0.2665   0.8880   0.3746  -0.7552   0.4339  -0.4913
        232.64    36.00   -94.00  -0.4672   0.3567   0.8090  -0.6838   0.4343  -0.5864
        191.10    54.00  -122.00  -0.1557   0.7939   0.5878  -0.6159   0.3872  -0.6861
        327.18    28.00   -98.00  -0.2545  -0.3945   0.8829  -0.3570  -0.8102  -0.4649
        210.96    44.00  -156.00  -0.3574   0.5957   0.7193  -0.9339  -0.2191  -0.2825
         74.48    40.00   -96.00   0.6194  -0.1720   0.7660   0.7620  -0.1031  -0.6393
        230.87    50.00  -130.00  -0.5942   0.4834   0.6428  -0.7876  -0.1879  -0.5868
        212.26    62.00  -154.00  -0.4713   0.7466   0.4695  -0.8699  -0.3058  -0.3871
         76.42    62.00  -118.00   0.8582  -0.2074   0.4695   0.5132   0.3590  -0.7796
         61.76    58.00   -96.00   0.7471  -0.4012   0.5299   0.5138  -0.1572  -0.8434
         15.00    42.00  -110.00   0.1732  -0.6463   0.7431   0.5111  -0.5860  -0.6288
        160.19    62.00  -114.00   0.2993   0.8307   0.4695  -0.2373   0.5414  -0.8066
         94.83    56.00  -104.00   0.8261   0.0698   0.5592   0.5203   0.2868  -0.8044
        349.75    26.00  -102.00  -0.0780  -0.4314   0.8988   0.0481  -0.9021  -0.4288
        308.73    26.00  -108.00  -0.3420  -0.2743   0.8988  -0.4734  -0.7759  -0.4169
        321.68    34.00  -110.00  -0.3467  -0.4387   0.8290  -0.2147  -0.8233  -0.5255
        203.08    60.00  -138.00  -0.3395   0.7967   0.5000  -0.8148   0.0165  -0.5795
        310.24    28.00  -104.00  -0.3584  -0.3032   0.8829  -0.4978  -0.7381  -0.4555
        256.96    50.00  -126.00  -0.7463   0.1729   0.6428  -0.6393  -0.4553  -0.6197
        113.71    68.00  -100.00   0.8489   0.3729   0.3746   0.2679   0.3073  -0.9131
        258.65    38.00  -100.00  -0.6036   0.1212   0.7880  -0.7950  -0.0175  -0.6063
        197.03    38.00  -118.00  -0.1803   0.5887   0.7880  -0.6526   0.5278  -0.5436
        322.00    30.00  -114.00  -0.3078  -0.3940   0.8660  -0.1666  -0.8738  -0.4568
        170.00    58.00  -102.00   0.1473   0.8352   0.5299  -0.1147   0.5466  -0.8295
        186.47    58.00  -110.00  -0.0956   0.8426   0.5299  -0.3960   0.4562  -0.7969
        191.74    50.00  -150.00  -0.1559   0.7500   0.6428  -0.9133   0.1385  -0.3830
        232.76    40.00  -140.00  -0.5117   0.3890   0.7660  -0.8556  -0.3119  -0.4132
         52.56    44.00   -90.00   0.5516  -0.4223   0.7193   0.5711  -0.4373  -0.6947
          8.49    36.00  -102.00   0.0868  -0.5813   0.8090   0.3225  -0.7520  -0.5749
        304.05    38.00  -128.00  -0.5101  -0.3448   0.7880  -0.1697  -0.8578  -0.4851
        184.03    48.00  -112.00  -0.0522   0.7413   0.6691  -0.4173   0.5925  -0.6890
        331.79    48.00  -132.00  -0.3513  -0.6549   0.6691   0.3546  -0.7545  -0.5523
        170.00    64.00  -120.00   0.1561   0.8851   0.4384  -0.4265   0.4607  -0.7784
        156.04    70.00  -132.00   0.3817   0.8587   0.3420  -0.5082   0.5040  -0.6983
        208.21    48.00  -100.00  -0.3513   0.6549   0.6691  -0.4645   0.4986  -0.7319
        254.05    26.00  -126.00  -0.4215   0.1205   0.8988  -0.8607  -0.3653  -0.3546
        270.00    50.00  -108.00  -0.7660  -0.0000   0.6428  -0.6113  -0.3090  -0.7286
        240.38    26.00   -98.00  -0.3811   0.2167   0.8988  -0.8425   0.3189  -0.4341
        173.08    60.00   -94.00   0.1044   0.8597   0.5000  -0.0091   0.5036  -0.8639
        139.32    54.00  -118.00   0.5274   0.6135   0.5878  -0.0177   0.6996  -0.7143
        207.74    62.00  -102.00  -0.4109   0.7815   0.4695  -0.3977   0.3097  -0.8637
         15.00    42.00  -118.00   0.1732  -0.6463   0.7431   0.6233  -0.5123  -0.5908
        304.05    38.00   -92.00  -0.5101  -0.3448   0.7880  -0.6329  -0.4699  -0.6153
        120.42    52.00  -114.00   0.6795   0.3990   0.6157   0.2790   0.6355  -0.7199
        154.48    48.00   -96.00   0.3202   0.6706   0.6691   0.1924   0.6456  -0.7391
        232.33    46.00  -120.00  -0.5694   0.4396   0.6947  -0.7817  -0.0281  -0.6230
        100.53    72.00  -110.00   0.9351   0.1737   0.3090   0.2230   0.3893  -0.8937
        126.21    70.00  -112.00   0.7582   0.5552   0.3420   0.0345   0.4896  -0.8713
        138.89    64.00  -110.00   0.5910   0.6772   0.4384   0.0132   0.5353  -0.8446
        183.33    64.00  -152.00  -0.0523   0.8973   0.4384  -0.8934   0.1541  -0.4220
        246.00    42.00  -140.00  -0.6113   0.2722   0.7431  -0.7480  -0.5055  -0.4301
        296.73    34.00  -106.00  -0.4994  -0.2515   0.8290  -0.5878  -0.6047  -0.5375
        106.65    74.00  -132.00   0.9210   0.2754   0.2756   0.0046   0.6998  -0.7144
        131.07    56.00  -116.00   0.6250   0.5447   0.5592   0.0909   0.6607  -0.7451
        272.69    48.00  -110.00  -0.7423  -0.0348   0.6691  -0.6121  -0.3711  -0.6983
        122.34    68.00  -110.00   0.7834   0.4959   0.3746   0.1145   0.4773  -0.8713
        137.06    58.00   -94.00   0.5777   0.6208   0.5299   0.3091   0.4345  -0.8460
        191.89    62.00  -118.00  -0.1819   0.8640   0.4695  -0.5448   0.3089  -0.7796
        150.85    52.00  -100.00   0.3839   0.6882   0.6157   0.1437   0.6141  -0.7760
        239.58    52.00  -144.00  -0.6795   0.3990   0.6157  -0.7217  -0.5144  -0.4632
        357.33    34.00  -112.00  -0.0261  -0.5586   0.8290   0.3383  -0.7853  -0.5185
        163.29    68.00   -94.00   0.2665   0.8880   0.3746   0.0406   0.3780  -0.9249
        203.21    62.00  -144.00  -0.3479   0.8115   0.4695  -0.8523  -0.0652  -0.5190
        332.38    34.00  -124.00  -0.2593  -0.4955   0.8290   0.1768  -0.8682  -0.4636
        304.18    26.00  -126.00  -0.3627  -0.2463   0.8988  -0.2714  -0.8948  -0.3546
        202.32    44.00   -98.00  -0.2638   0.6426   0.7193  -0.3993   0.6061  -0.6879
        275.68    32.00   -98.00  -0.5273  -0.0525   0.8480  -0.8219  -0.2217  -0.5248
        207.47    32.00  -118.00  -0.2445   0.4702   0.8480  -0.7620   0.4477  -0.4679
        256.96    50.00   -90.00  -0.7463   0.1729   0.6428  -0.6262   0.1451  -0.7660
        277.40    24.00  -102.00  -0.4034  -0.0524   0.9135  -0.8594  -0.3212  -0.3978
        211.69    52.00  -136.00  -0.4140   0.6705   0.6157  -0.8368  -0.0140  -0.5474
        158.89    64.00  -124.00   0.3237   0.8385   0.4384  -0.3908   0.5404  -0.7451
        251.74    50.00   -92.00  -0.7275   0.2400   0.6428  -0.6210   0.1681  -0.7656
         48.93    56.00  -102.00   0.6250  -0.5447   0.5592   0.5489  -0.2026  -0.8109
        115.38    60.00  -100.00   0.7824   0.3713   0.5000   0.3704   0.3680  -0.8529
        165.29    58.00  -130.00   0.2153   0.8203   0.5299  -0.5187   0.5558  -0.6496
        282.33    24.00   -92.00  -0.3974  -0.0868   0.9135  -0.8845  -0.2290  -0.4065
        317.55    36.00  -130.00  -0.3967  -0.4337   0.8090   0.0560  -0.8911  -0.4503
        222.89    56.00  -142.00  -0.5642   0.6074   0.5592  -0.8117  -0.2840  -0.5104
        208.08    44.00  -116.00  -0.3270   0.6129   0.7193  -0.6911   0.3641  -0.6244
        352.59    28.00   -90.00  -0.0606  -0.4655   0.8829  -0.1139  -0.8756  -0.4695
        261.09    34.00  -124.00  -0.5524   0.0866   0.8290  -0.7656  -0.4460  -0.4636
         85.61    66.00  -106.00   0.9109  -0.0699   0.4067   0.4109   0.2449  -0.8782
        261.89    38.00  -120.00  -0.6095   0.0868   0.7880  -0.7461  -0.3988  -0.5332
         64.08    44.00  -100.00   0.6248  -0.3036   0.7193   0.7131  -0.1535  -0.6841
        112.19    54.00   -98.00   0.7491   0.3056   0.5878   0.4864   0.3487  -0.8011
        215.66    36.00  -146.00  -0.3427   0.4776   0.8090  -0.9373  -0.1157  -0.3287
        311.92    24.00  -122.00  -0.3027  -0.2717   0.9135  -0.2225  -0.9119  -0.3449
        137.06    58.00  -118.00   0.5777   0.6208   0.5299  -0.0249   0.6623  -0.7488
        193.85    60.00  -118.00  -0.2073   0.8409   0.5000  -0.5615   0.3163  -0.7647
        202.94    58.00  -110.00  -0.3306   0.7810   0.5299  -0.5091   0.3253  -0.7969
        254.00    30.00  -126.00  -0.4806   0.1378   0.8660  -0.8355  -0.3719  -0.4045
        129.45    54.00  -148.00   0.6247   0.5141   0.5878  -0.2984   0.8527  -0.4287
        100.78    68.00  -104.00   0.9108   0.1734   0.3746   0.3118   0.3056  -0.8996
        115.87    68.00   -94.00   0.8343   0.4045   0.3746   0.3058   0.2258  -0.9249
        151.79    48.00  -106.00   0.3513   0.6549   0.6691   0.0611   0.6971  -0.7144
        220.43    50.00  -154.00  -0.4968   0.5831   0.6428  -0.8669  -0.3685  -0.3358
         62.83    62.00   -96.00   0.7855  -0.4032   0.4695   0.4631  -0.1202  -0.8781
         79.02    66.00   -94.00   0.8968  -0.1739   0.4067   0.4116  -0.0088  -0.9113
        178.77    54.00  -144.00   0.0174   0.8088   0.5878  -0.8014   0.3628  -0.4755
        224.12    58.00  -146.00  -0.5904   0.6088   0.5299  -0.8015  -0.3644  -0.4742
        256.96    50.00  -128.00  -0.7463   0.1729   0.6428  -0.6324  -0.4855  -0.6037
        181.30    50.00  -136.00  -0.0174   0.7658   0.6428  -0.7293   0.4300  -0.5321
         15.15    34.00   -98.00   0.1461  -0.5398   0.8290   0.3489  -0.7561  -0.5538
        153.91    70.00  -112.00   0.4133   0.8439   0.3420  -0.1969   0.4496  -0.8713
        244.65    52.00  -118.00  -0.7121   0.3374   0.6157  -0.6923  -0.1915  -0.6958
        307.24    40.00  -138.00  -0.5117  -0.3890   0.7660   0.0417  -0.9018  -0.4301
         63.91    50.00   -96.00   0.6880  -0.3369   0.6428   0.6201  -0.1872  -0.7618
        165.29    58.00  -136.00   0.2153   0.8203   0.5299  -0.6023   0.5387  -0.5891
        213.22    56.00  -158.00  -0.4542   0.6935   0.5592  -0.8904  -0.3327  -0.3106
        215.05    32.00  -116.00  -0.3043   0.4338   0.8480  -0.7966   0.3722  -0.4763
        178.73    52.00  -142.00   0.0174   0.7878   0.6157  -0.7794   0.3964  -0.4851
        203.42    54.00   -98.00  -0.3216   0.7423   0.5878  -0.3591   0.4788  -0.8011
        215.64    56.00  -148.00  -0.4830   0.6738   0.5592  -0.8619  -0.2533  -0.4393
        194.35    50.00  -120.00  -0.1898   0.7422   0.6428  -0.6224   0.4154  -0.6634
        237.04    52.00  -126.00  -0.6612   0.4287   0.6157  -0.7377  -0.2222  -0.6375
        126.99    54.00   -96.00   0.6462   0.4867   0.5878   0.4041   0.4352  -0.8046
        200.15    48.00   -92.00  -0.2560   0.6977   0.6691  -0.2631   0.6158  -0.7427
        310.99    34.00  -100.00  -0.4221  -0.3668   0.8290  -0.5024  -0.6666  -0.5507
        212.61    50.00  -112.00  -0.4128   0.6453   0.6428  -0.6367   0.3002  -0.7103
         90.00    60.00  -116.00   0.8660   0.0000   0.5000   0.4494   0.4384  -0.7784
        240.38    26.00  -100.00  -0.3811   0.2167   0.8988  -0.8553   0.2865  -0.4317
        246.71    28.00  -108.00  -0.4312   0.1857   0.8829  -0.8935   0.0482  -0.4465
        264.78    50.00  -122.00  -0.7629   0.0697   0.6428  -0.5910  -0.4782  -0.6496
        333.00    42.00   -96.00  -0.3038  -0.5962   0.7431  -0.2424  -0.7060  -0.6655
        258.61    26.00  -134.00  -0.4297   0.0866   0.8988  -0.7710  -0.5533  -0.3153
          5.68    38.00  -122.00   0.0609  -0.6126   0.7880   0.5934  -0.6126  -0.5221
        260.53    32.00  -114.00  -0.5227   0.0872   0.8480  -0.8311  -0.2737  -0.4841
        154.19    46.00   -94.00   0.3132   0.6476   0.6947   0.2390   0.6542  -0.7176
        188.87    52.00  -104.00  -0.1215   0.7786   0.6157  -0.3312   0.5529  -0.7646
        166.44    54.00  -120.00   0.1897   0.7865   0.5878  -0.3667   0.6121  -0.7006
        203.42    54.00  -124.00  -0.3216   0.7423   0.5878  -0.7068   0.2248  -0.6707
        133.11    68.00  -124.00   0.6768   0.6337   0.3746  -0.1555   0.6205  -0.7687
        214.62    60.00  -108.00  -0.4920   0.7127   0.5000  -0.5244   0.2158  -0.8236
        241.30    50.00   -98.00  -0.6720   0.3678   0.6428  -0.6252   0.1836  -0.7586
        168.26    50.00  -102.00   0.1559   0.7500   0.6428  -0.0756   0.6579  -0.7493
        174.56    56.00  -106.00   0.0785   0.8253   0.5592  -0.2235   0.5612  -0.7969
        160.59    58.00  -128.00   0.2819   0.7998   0.5299  -0.4419   0.5985  -0.6683
        243.49    46.00  -126.00  -0.6437   0.3211   0.6947  -0.7653  -0.2751  -0.5820
        168.26    50.00  -114.00   0.1559   0.7500   0.6428  -0.2788   0.6577  -0.6998
        123.91    50.00   -90.00   0.6357   0.4274   0.6428   0.5334   0.3586  -0.7660
        195.88    58.00  -108.00  -0.2321   0.8157   0.5299  -0.4351   0.4002  -0.8065
        107.75    52.00   -96.00   0.7505   0.2402   0.6157   0.5513   0.2862  -0.7837
        322.76    40.00  -114.00  -0.3890  -0.5117   0.7660  -0.0997  -0.8033  -0.5872
        191.10    54.00   -92.00  -0.1557   0.7939   0.5878  -0.1473   0.5697  -0.8085
        338.28    40.00  -110.00  -0.2379  -0.5971   0.7660   0.0513  -0.7953  -0.6040
        179.41    58.00   -96.00   0.0087   0.8480   0.5299  -0.0991   0.5281  -0.8434
         53.48    50.00   -94.00   0.6156  -0.4559   0.6428   0.5568  -0.3256  -0.7642
        143.89    68.00  -102.00   0.5464   0.7491   0.3746   0.0480   0.4186  -0.9069
        317.03    38.00  -114.00  -0.4197  -0.4505   0.7880  -0.1931  -0.8040  -0.5624
        260.23    46.00  -150.00  -0.7089   0.1220   0.6947  -0.4892  -0.7945  -0.3597
        168.90    54.00   -94.00   0.1557   0.7939   0.5878   0.0444   0.5888  -0.8070
         87.69    60.00  -110.00   0.8653  -0.0349   0.5000   0.4832   0.3228  -0.8138
         81.22    66.00  -124.00   0.9028  -0.1395   0.4067   0.4186   0.5012  -0.7574
         94.71    58.00  -118.00   0.8452   0.0696   0.5299   0.4278   0.5063  -0.7488
        203.21    62.00  -134.00  -0.3479   0.8115   0.4695  -0.7715   0.0366  -0.6351
         35.22    50.00  -110.00   0.4418  -0.6258   0.6428   0.6277  -0.2962  -0.7198
        294.32    38.00  -128.00  -0.5610  -0.2536   0.7880  -0.3122  -0.8168  -0.4851
        275.35    34.00  -110.00  -0.5568  -0.0521   0.8290  -0.7438  -0.4131  -0.5255
        144.88    66.00  -134.00   0.5256   0.7472   0.4067  -0.3999   0.6390  -0.6571
        198.62    40.00  -122.00  -0.2052   0.6091   0.7660  -0.7096   0.4464  -0.5451
        176.98    56.00  -136.00   0.0437   0.8279   0.5592  -0.6979   0.4258  -0.5759
        270.00    20.00  -114.00  -0.3420  -0.0000   0.9397  -0.8585  -0.4067  -0.3125
        135.27    68.00  -126.00   0.6525   0.6587   0.3746  -0.2043   0.6290  -0.7501
        316.55    40.00  -126.00  -0.4420  -0.4667   0.7660   0.0005  -0.8542  -0.5200
        163.33    64.00  -142.00   0.2578   0.8610   0.4384  -0.6775   0.4846  -0.5534
        332.07    40.00  -124.00  -0.3011  -0.5679   0.7660   0.1966  -0.8230  -0.5329
         77.07    68.00  -116.00   0.9037  -0.2075   0.3746   0.4263   0.3519  -0.8333
        223.04    50.00  -140.00  -0.5229   0.5599   0.6428  -0.8419  -0.2209  -0.4924
        351.47    32.00   -96.00  -0.0786  -0.5241   0.8480  -0.0217  -0.8496  -0.5270
        346.74    46.00   -96.00  -0.1649  -0.7002   0.6947  -0.0567  -0.6964  -0.7154
        177.06    58.00  -100.00   0.0435   0.8469   0.5299  -0.1466   0.5301  -0.8352
        184.03    48.00  -140.00  -0.0522   0.7413   0.6691  -0.7944   0.3752  -0.4777
        264.32    32.00  -100.00  -0.5273   0.0525   0.8480  -0.8483  -0.0901  -0.5219
        200.77    60.00  -154.00  -0.3071   0.8097   0.5000  -0.9181  -0.1138  -0.3796
        226.42    32.00  -124.00  -0.3839   0.3653   0.8480  -0.8948   0.0796  -0.4393
        200.15    48.00   -90.00  -0.2560   0.6977   0.6691  -0.2305   0.6282  -0.7431
        205.20    44.00   -96.00  -0.2958   0.6285   0.7193  -0.3992   0.6028  -0.6909
        201.00    42.00  -134.00  -0.2398   0.6247   0.7431  -0.8401   0.2501  -0.4813
        182.31    60.00  -138.00  -0.0349   0.8653   0.5000  -0.7560   0.3044  -0.5795
        182.16    44.00  -150.00  -0.0262   0.6942   0.7193  -0.8790   0.3268  -0.3473
         24.00    42.00  -110.00   0.2722  -0.6113   0.7431   0.5965  -0.4988  -0.6288
        272.12    28.00   -90.00  -0.4692  -0.0173   0.8829  -0.8823  -0.0326  -0.4695
        242.11    52.00  -104.00  -0.6965   0.3686   0.6157  -0.6412   0.0656  -0.7646
        160.43    50.00   -96.00   0.2565   0.7218   0.6428   0.1156   0.6374  -0.7618
         25.47    36.00   -96.00   0.2528  -0.5307   0.8090   0.4404  -0.6814  -0.5846
        298.42    32.00   -90.00  -0.4661  -0.2522   0.8480  -0.7458  -0.4036  -0.5299
        149.64    70.00   -98.00   0.4749   0.8109   0.3420   0.0511   0.3626  -0.9305
        178.89    64.00   -90.00   0.0174   0.8986   0.4384   0.0085   0.4383  -0.8988
        183.91    50.00  -146.00  -0.0523   0.7643   0.6428  -0.8516   0.3020  -0.4284
        352.08    44.00  -110.00  -0.0957  -0.6880   0.7193   0.2456  -0.7166  -0.6528
        166.98    62.00  -138.00   0.1989   0.8603   0.4695  -0.6533   0.4735  -0.5908
         22.28    34.00  -102.00   0.2120  -0.5175   0.8290   0.4998  -0.6716  -0.5470
          0.89    34.00   -98.00   0.0087  -0.5591   0.8290   0.1519  -0.8187  -0.5538
        284.82    28.00   -98.00  -0.4538  -0.1201   0.8829  -0.8096  -0.3582  -0.4649
        300.30    34.00  -114.00  -0.4828  -0.2821   0.8290  -0.4487  -0.7333  -0.5108
         66.96    44.00  -110.00   0.6392  -0.2719   0.7193   0.7559   0.0502  -0.6528
         90.00    66.00  -114.00   0.9135   0.0000   0.4067   0.3716   0.4067  -0.8346
         45.35    46.00  -102.00   0.5117  -0.5055   0.6947   0.6295  -0.3296  -0.7036
        257.44    46.00  -128.00  -0.7021   0.1564   0.6947  -0.6682  -0.4819  -0.5668
        176.98    56.00  -120.00   0.0437   0.8279   0.5592  -0.4738   0.5099  -0.7180
        237.00    42.00  -106.00  -0.5612   0.3644   0.7431  -0.7492   0.1579  -0.6432
        297.53    28.00  -130.00  -0.4163  -0.2170   0.8829  -0.3027  -0.8826  -0.3596
        189.62    62.00  -120.00  -0.1476   0.8705   0.4695  -0.5609   0.3173  -0.7647
        140.49    66.00   -96.00   0.5812   0.7048   0.4067   0.1767   0.3786  -0.9085
         79.02    66.00  -110.00   0.8968  -0.1739   0.4067   0.4403   0.2630  -0.8585
        151.46    66.00  -106.00   0.4364   0.8026   0.4067  -0.0554   0.4752  -0.8782
        210.00    60.00  -120.00  -0.4330   0.7500   0.5000  -0.6495   0.1250  -0.7500
        229.25    36.00  -132.00  -0.4453   0.3837   0.8090  -0.8923  -0.1144  -0.4368
        239.58    52.00  -118.00  -0.6795   0.3990   0.6157  -0.7065  -0.1296  -0.6958
        235.82    26.00  -132.00  -0.3627   0.2463   0.8988  -0.9285  -0.1784  -0.3258
        162.45    62.00  -140.00   0.2662   0.8419   0.4695  -0.6394   0.5187  -0.5675
        264.78    50.00  -132.00  -0.7629   0.0697   0.6428  -0.5366  -0.6229  -0.5693
        170.00    64.00  -148.00   0.1561   0.8851   0.4384  -0.7948   0.3760  -0.4763
        325.86    40.00  -104.00  -0.3607  -0.5320   0.7660  -0.2169  -0.7510  -0.6237
        187.78    64.00  -150.00  -0.1216   0.8905   0.4384  -0.8877   0.1000  -0.4494
        114.66    54.00  -122.00   0.7352   0.3375   0.5878   0.2319   0.6896  -0.6861
        193.26    46.00   -90.00  -0.1649   0.7002   0.6947  -0.1593   0.6761  -0.7193
        182.83    62.00  -154.00  -0.0436   0.8819   0.4695  -0.9079   0.1612  -0.3871
        350.87    50.00  -130.00  -0.1216  -0.7563   0.6428   0.5565  -0.5882  -0.5868
        148.20    68.00  -116.00   0.4885   0.7880   0.3746  -0.1952   0.5171  -0.8333
         20.23    46.00  -134.00   0.2488  -0.6750   0.6947   0.8246  -0.2286  -0.5174
         57.04    52.00   -96.00   0.6612  -0.4287   0.6157   0.5706  -0.2454  -0.7837
        161.54    60.00  -110.00   0.2742   0.8215   0.5000  -0.1756   0.5540  -0.8138
         78.89    64.00  -108.00   0.8819  -0.1732   0.4384   0.4687   0.2229  -0.8548
        164.88    44.00   -92.00   0.1812   0.6706   0.7193   0.1538   0.7031  -0.6942
        307.36    36.00  -106.00  -0.4672  -0.3567   0.8090  -0.4509  -0.6910  -0.5650
        138.46    60.00  -126.00   0.5743   0.6482   0.5000  -0.1717   0.6926  -0.7006
        214.71    58.00   -98.00  -0.4828   0.6972   0.5299  -0.4132   0.3522  -0.8398
         72.22    64.00  -104.00   0.8559  -0.2744   0.4384   0.4789   0.1005  -0.8721
        234.00    30.00   -94.00  -0.4045   0.2939   0.8660  -0.7399   0.4514  -0.4988
        193.53    58.00  -156.00  -0.1984   0.8245   0.5299  -0.9386  -0.0042  -0.3449
         72.22    64.00   -96.00   0.8559  -0.2744   0.4384   0.4471  -0.0336  -0.8939
        248.40    44.00  -106.00  -0.6459   0.2557   0.7193  -0.7444  -0.0017  -0.6677
        330.00    30.00   -98.00  -0.2500  -0.4330   0.8660  -0.3083  -0.8123  -0.4951
         11.58    34.00   -98.00   0.1123  -0.5478   0.8290   0.3012  -0.7763  -0.5538
        346.74    46.00  -118.00  -0.1649  -0.7002   0.6947   0.3163  -0.7047  -0.6351
        203.68    32.00  -124.00  -0.2129   0.4853   0.8480  -0.7945   0.4192  -0.4393
         51.34    56.00   -90.00   0.6474  -0.5179   0.5592   0.4367  -0.3493  -0.8290
        214.23    52.00  -140.00  -0.4432   0.6516   0.6157  -0.8560  -0.1037  -0.5065
        187.36    62.00   -96.00  -0.1131   0.8757   0.4695  -0.1635   0.4497  -0.8781
         67.78    64.00  -108.00   0.8320  -0.3399   0.4384   0.5028   0.1284  -0.8548
        207.69    60.00  -146.00  -0.4025   0.7668   0.5000  -0.8640  -0.1377  -0.4843
        111.74    56.00  -106.00   0.7700   0.3071   0.5592   0.3972   0.4552  -0.7969
        136.10    66.00  -108.00   0.6335   0.6582   0.4067   0.0456   0.4930  -0.8688
         67.78    64.00  -138.00   0.8320  -0.3399   0.4384   0.5526   0.5770  -0.6014
        165.65    50.00  -120.00   0.1898   0.7422   0.6428  -0.3465   0.6632  -0.6634
        290.84    32.00   -98.00  -0.4952  -0.1885   0.8480  -0.7353  -0.4289  -0.5248
         43.92    44.00  -114.00   0.4819  -0.5004   0.7193   0.7488  -0.1912  -0.6346
        148.60    46.00  -100.00   0.3747   0.6140   0.6947   0.2082   0.6744  -0.7084
        122.94    58.00   -98.00   0.7117   0.4611   0.5299   0.3647   0.4022  -0.8398
        340.11    32.00  -118.00  -0.1803  -0.4983   0.8480   0.1866  -0.8639  -0.4679
        254.00    30.00   -92.00  -0.4806   0.1378   0.8660  -0.8416   0.2050  -0.4997
        271.78    34.00  -138.00  -0.5589  -0.0174   0.8290  -0.5314  -0.7600  -0.3742
         57.76    48.00  -116.00   0.6286  -0.3964   0.6691   0.7425   0.0500  -0.6679
        191.18    58.00  -120.00  -0.1644   0.8320   0.5299  -0.5795   0.3533  -0.7344
        330.00    38.00  -104.00  -0.3078  -0.5332   0.7880  -0.1728  -0.7831  -0.5974
        196.05    46.00  -150.00  -0.1988   0.6913   0.6947  -0.9283   0.0944  -0.3597
        153.91    70.00   -96.00   0.4133   0.8439   0.3420   0.0557   0.3515  -0.9345
         70.27    54.00  -100.00   0.7615  -0.2731   0.5878   0.6035  -0.0319  -0.7967
         94.71    58.00   -98.00   0.8452   0.0696   0.5299   0.5116   0.1818  -0.8398
        169.02    66.00  -158.00   0.1739   0.8968   0.4067  -0.8812   0.3261  -0.3422
        331.92    44.00  -112.00  -0.3270  -0.6129   0.7193   0.0166  -0.7648  -0.6441
        165.56    64.00  -114.00   0.2242   0.8704   0.4384  -0.2940   0.4893  -0.8211
        133.02    62.00  -102.00   0.6455   0.6024   0.4695   0.1939   0.4653  -0.8637
        138.36    48.00  -102.00   0.4938   0.5554   0.6691   0.2795   0.6273  -0.7269
        234.00    30.00  -138.00  -0.4045   0.2939   0.8660  -0.9056  -0.2606  -0.3346
        202.17    50.00  -154.00  -0.2891   0.7094   0.6428  -0.9387  -0.0783  -0.3358
        150.00    50.00  -100.00   0.3830   0.6634   0.6428   0.1661   0.6350  -0.7544
        224.33    48.00  -104.00  -0.5193   0.5316   0.6691  -0.6267   0.2954  -0.7211
        204.78    50.00  -150.00  -0.3211   0.6955   0.6428  -0.9210  -0.0712  -0.3830
        129.23    60.00  -114.00   0.6708   0.5477   0.5000   0.0966   0.6039  -0.7912
        124.49    68.00  -130.00   0.7642   0.5250   0.3746  -0.1275   0.6923  -0.7103
2003  5 21 18 44 22.420  6.8   36.9040     3.7620  10.94  14.2900  24.5900    81   189    1053542661964    88.2   54.0   102.0   33.0   34.5   0.094  B   0.622 0.61
        225.62    54.00   108.00  -0.5782   0.5659   0.5878   0.1834  -0.6119   0.7694
         17.46    48.00   136.00   0.2230  -0.7089   0.6691   0.5467   0.6593   0.5162
        105.65    50.00   122.00   0.7376   0.2067   0.6428  -0.6679   0.3632   0.6496
        332.38    34.00   132.00  -0.2593  -0.4955   0.8290   0.8785   0.2356   0.4156
         72.44    66.00   126.00   0.8710  -0.2756   0.4067  -0.1364   0.6597   0.7391
         53.01    54.00   134.00   0.6462  -0.4867   0.5878   0.0802   0.8093   0.5820
        279.00    42.00   114.00  -0.6609  -0.1047   0.7431   0.7342  -0.2955   0.6113
        115.12    46.00   102.00   0.6513   0.3053   0.6947  -0.7035  -0.1002   0.7036
        143.02    46.00   108.00   0.4327   0.5747   0.6947  -0.6442  -0.3419   0.6841
        200.94    62.00   118.00  -0.3156   0.8246   0.4695  -0.2903  -0.5549   0.7796
          0.00    40.00   150.00   0.0000  -0.6428   0.7660   0.8660   0.3830   0.3214
        350.20    34.00    96.00  -0.0952  -0.5510   0.8290   0.2434   0.7947   0.5561
         92.35    58.00   114.00   0.8473   0.0348   0.5299  -0.5004   0.3865   0.7747
        173.84    54.00    94.00   0.0869   0.8043   0.5878  -0.1323  -0.5755   0.8070
         15.41    38.00   114.00   0.1635  -0.5935   0.7880   0.2009   0.8021   0.5624
        103.33    64.00   150.00   0.8746   0.2073   0.4384  -0.4130   0.7921   0.4494
        262.60    24.00    92.00  -0.4034   0.0524   0.9135   0.9009  -0.1522   0.4065
        250.40    34.00   106.00  -0.5268   0.1876   0.8290   0.6582  -0.5270   0.5375
        326.76    38.00   124.00  -0.3375  -0.5149   0.7880   0.8258   0.2398   0.5104
          0.72    44.00   158.00   0.0087  -0.6946   0.7193   0.9237   0.2811   0.2602
        117.69    60.00   126.00   0.7668   0.4025   0.5000  -0.6313   0.3325   0.7006
         58.59    56.00   110.00   0.7076  -0.4321   0.5592  -0.2702   0.5658   0.7790
         43.15    54.00   132.00   0.5533  -0.5902   0.5878   0.1894   0.7763   0.6012
        102.68    52.00   118.00   0.7688   0.1729   0.6157  -0.6334   0.3387   0.6958
        329.04    44.00   110.00  -0.3574  -0.5957   0.7193   0.6410   0.4037   0.6528
        354.91    36.00    98.00  -0.0522  -0.5855   0.8090   0.2098   0.7856   0.5821
        339.00    42.00   126.00  -0.2398  -0.6247   0.7431   0.7642   0.3506   0.5413
         83.21    36.00    92.00   0.5837  -0.0695   0.8090  -0.7987   0.1303   0.5874
        282.41    40.00   104.00  -0.6278  -0.1382   0.7660   0.7779  -0.0765   0.6237
         62.88    54.00   134.00   0.7200  -0.3688   0.5878  -0.0596   0.8110   0.5820
        271.40    46.00   100.00  -0.7191  -0.0175   0.6947   0.6881  -0.1569   0.7084
        114.15    66.00   140.00   0.8336   0.3737   0.4067  -0.5519   0.5921   0.5872
         97.61    52.00   134.00   0.7811   0.1043   0.6157  -0.5309   0.6299   0.5668
        291.60    44.00   100.00  -0.6459  -0.2557   0.7193   0.7226   0.0993   0.6841
         28.60    46.00   104.00   0.3444  -0.6315   0.6947  -0.1103   0.7076   0.6980
        174.56    56.00   104.00   0.0785   0.8253   0.5592  -0.2922  -0.5172   0.8044
         56.04    62.00   118.00   0.7323  -0.4933   0.4695  -0.0815   0.6210   0.7796
        205.38    60.00   116.00  -0.3713   0.7824   0.5000  -0.2034  -0.5939   0.7784
        103.33    64.00   122.00   0.8746   0.2073   0.4384  -0.4839   0.4299   0.7622
        303.00    42.00   132.00  -0.5612  -0.3644   0.7431   0.8276  -0.2604   0.4973
        117.00    42.00   108.00   0.5962   0.3038   0.7431  -0.7700  -0.0455   0.6364
         93.24    38.00   116.00   0.6147   0.0348   0.7880  -0.7319   0.3976   0.5534
        134.35    50.00   110.00   0.5478   0.5355   0.6428  -0.6710  -0.1776   0.7198
        338.00    30.00   122.00  -0.1873  -0.4636   0.8660   0.7665   0.4824   0.4240
         83.90    80.00   104.00   0.9792  -0.1047   0.1736  -0.1418   0.2585   0.9556
        212.35    58.00   118.00  -0.4538   0.7164   0.5299  -0.1462  -0.6465   0.7488
        346.63    34.00   122.00  -0.1293  -0.5440   0.8290   0.6781   0.5615   0.4742
         52.64    36.00    96.00   0.4672  -0.3567   0.8090  -0.5761   0.5713   0.5846
        349.53    46.00   106.00  -0.1307  -0.7074   0.6947   0.3923   0.6066   0.6915
         96.92    60.00   110.00   0.8597   0.1044   0.5000  -0.5076   0.2829   0.8138
        102.41    40.00   100.00   0.6278   0.1382   0.7660  -0.7741   0.0074   0.6330
         17.44    46.00   124.00   0.2156  -0.6863   0.6947   0.3609   0.7170   0.5964
        272.28    26.00   108.00  -0.4380  -0.0174   0.8988   0.8664  -0.2748   0.4169
         77.07    68.00   104.00   0.9037  -0.2075   0.3746  -0.3001   0.3171   0.8996
        257.52    34.00   112.00  -0.5460   0.1208   0.8290   0.6696  -0.5318   0.5185
        138.00    42.00    92.00   0.4477   0.4973   0.7431  -0.5229  -0.5286   0.6687
        296.87    48.00   126.00  -0.6629  -0.3358   0.6691   0.7485  -0.2797   0.6012
        210.00    60.00   122.00  -0.4330   0.7500   0.5000  -0.2469  -0.6322   0.7344
         77.59    40.00    96.00   0.6278  -0.1382   0.7660  -0.7216   0.2659   0.6393
        105.52    40.00   112.00   0.6194   0.1720   0.7660  -0.7846   0.1709   0.5960
        303.00    42.00   112.00  -0.5612  -0.3644   0.7431   0.7819   0.0611   0.6204
         87.12    44.00   102.00   0.6938  -0.0349   0.7193  -0.6923   0.2430   0.6795
         70.54    38.00   118.00   0.5805  -0.2051   0.7880  -0.4996   0.6744   0.5436
         74.91    68.00   126.00   0.8952  -0.2414   0.3746  -0.1396   0.6464   0.7501
         66.47    58.00   130.00   0.7775  -0.3386   0.5299  -0.1156   0.7514   0.6496
         41.83    52.00   114.00   0.5256  -0.5872   0.6157  -0.0720   0.6903   0.7199
         84.78    50.00   112.00   0.7629  -0.0697   0.6428  -0.5594   0.4272   0.7103
        346.32    44.00   154.00  -0.1643  -0.6750   0.7193   0.9479   0.0938   0.3045
         87.80    66.00   124.00   0.9129  -0.0350   0.4067  -0.3155   0.5717   0.7574
          2.43    38.00   130.00   0.0261  -0.6151   0.7880   0.6166   0.6304   0.4716
        314.55    34.00   146.00  -0.3985  -0.3923   0.8290   0.9120  -0.2655   0.3127
        159.23    60.00    94.00   0.3071   0.8097   0.5000  -0.2421  -0.4416   0.8639
        167.32    56.00   116.00   0.1820   0.8088   0.5592  -0.5380  -0.3941   0.7451
        310.30    22.00   136.00  -0.2857  -0.2423   0.9272   0.9565  -0.1321   0.2602
        165.29    58.00   112.00   0.2153   0.8203   0.5299  -0.4871  -0.3801   0.7863
        314.55    34.00   114.00  -0.3985  -0.3923   0.8290   0.8250   0.2415   0.5108
        136.10    66.00   100.00   0.6335   0.6582   0.4067  -0.4029  -0.1682   0.8997
        218.22    54.00   102.00  -0.5005   0.6356   0.5878   0.1924  -0.5803   0.7913
        308.88    44.00   106.00  -0.5408  -0.4360   0.7193   0.7113   0.2195   0.6677
         95.58    46.00   120.00   0.7159   0.0700   0.6947  -0.6474   0.4391   0.6230
        114.83    40.00   122.00   0.5834   0.2699   0.7660  -0.8121   0.2082   0.5451
        216.72    44.00    96.00  -0.4153   0.5568   0.7193   0.3440  -0.6359   0.6909
        304.93    22.00   122.00  -0.3071  -0.2145   0.9272   0.9481   0.0157   0.3177
        105.09    68.00    96.00   0.8952   0.2414   0.3746  -0.3869   0.0039   0.9221
        136.15    60.00   100.00   0.5999   0.6246   0.5000  -0.4663  -0.2348   0.8529
        165.35    46.00    96.00   0.1819   0.6959   0.6947  -0.2759  -0.6420   0.7154
         97.06    58.00   106.00   0.8416   0.1042   0.5299  -0.5394   0.2109   0.8152
        203.21    62.00   118.00  -0.3479   0.8115   0.4695  -0.2681  -0.5660   0.7796
         87.78    64.00    96.00   0.8981  -0.0349   0.4384  -0.4316   0.1214   0.8939
         54.36    34.00   104.00   0.4544  -0.3259   0.8290  -0.5127   0.6654   0.5426
        300.24    44.00   130.00  -0.6001  -0.3498   0.7193   0.7998  -0.2778   0.5321
        113.43    70.00   100.00   0.8622   0.3737   0.3420  -0.3781   0.0254   0.9254
          3.60    44.00   136.00   0.0436  -0.6933   0.7193   0.6865   0.5439   0.4826
        331.92    44.00   110.00  -0.3270  -0.6129   0.7193   0.6199   0.4354   0.6528
        245.37    32.00    94.00  -0.4817   0.2209   0.8480   0.7399  -0.4160   0.5286
         69.13    50.00   130.00   0.7158  -0.2729   0.6428  -0.2311   0.7760   0.5868
        106.15    60.00   104.00   0.8318   0.2409   0.5000  -0.5333   0.0974   0.8403
         90.00    64.00   132.00   0.8988   0.0000   0.4384  -0.3258   0.6691   0.6679
        337.16    48.00   134.00  -0.2884  -0.6849   0.6691   0.8270   0.1740   0.5346
        112.64    62.00   136.00   0.8149   0.3399   0.4695  -0.5779   0.5384   0.6133
        144.25    54.00   114.00   0.4727   0.6565   0.5878  -0.6438  -0.1981   0.7391
         23.02    46.00   138.00   0.2813  -0.6620   0.6947   0.5022   0.7184   0.4813
        334.80    44.00   160.00  -0.2958  -0.6285   0.7193   0.9550  -0.1775   0.2376
        323.28    44.00   142.00  -0.4153  -0.5568   0.7193   0.8964  -0.1162   0.4277
        300.00    42.00   130.00  -0.5795  -0.3346   0.7431   0.8144  -0.2720   0.5126
        118.02    68.00   104.00   0.8185   0.4356   0.3746  -0.4345   0.0428   0.8996
         82.39    52.00   114.00   0.7811  -0.1043   0.6157  -0.5037   0.4776   0.7199
        148.82    58.00   106.00   0.4390   0.7256   0.5299  -0.4995  -0.2931   0.8152
        358.30    36.00   132.00  -0.0174  -0.5875   0.8090   0.6867   0.5811   0.4368
        106.15    60.00   102.00   0.8318   0.2409   0.5000  -0.5276   0.0636   0.8471
         43.45    40.00   118.00   0.4420  -0.4667   0.7660  -0.1243   0.8139   0.5675
        320.70    52.00   102.00  -0.4991  -0.6098   0.6157   0.5423   0.3344   0.7708
        118.89    64.00   104.00   0.7869   0.4342   0.4384  -0.4893   0.0063   0.8721
         78.00    42.00    92.00   0.6545  -0.1391   0.7431  -0.7192   0.1886   0.6687
        259.86    52.00   124.00  -0.7757   0.1387   0.6157   0.4040  -0.6403   0.6533
          0.89    34.00    96.00   0.0087  -0.5591   0.8290   0.0917   0.8260   0.5561
         52.56    44.00   112.00   0.5516  -0.4223   0.7193  -0.3018   0.7029   0.6441
         82.87    34.00    98.00   0.5549  -0.0694   0.8290  -0.7974   0.2400   0.5538
        102.00    42.00   110.00   0.6545   0.1391   0.7431  -0.7542   0.1894   0.6288
          4.46    34.00   144.00   0.0434  -0.5575   0.8290   0.7687   0.5487   0.3287
         25.14    38.00   106.00   0.2615  -0.5574   0.7880  -0.0722   0.8028   0.5918
        212.35    58.00    92.00  -0.4538   0.7164   0.5299   0.2539  -0.4661   0.8475
        330.00    30.00   154.00  -0.2500  -0.4330   0.8660   0.9682  -0.1206   0.2192
        127.61    48.00   102.00   0.5887   0.4535   0.6691  -0.6454  -0.2348   0.7269
        115.26    72.00   154.00   0.8601   0.4059   0.3090  -0.5061   0.7550   0.4169
        332.07    40.00   142.00  -0.3011  -0.5679   0.7660   0.9171   0.0476   0.3957
        359.19    38.00    94.00  -0.0087  -0.6156   0.7880   0.0809   0.7850   0.6142
        106.91    56.00   116.00   0.7932   0.2412   0.5592  -0.6084   0.2732   0.7451
        256.74    32.00    96.00  -0.5158   0.1216   0.8480   0.7969  -0.2952   0.5270
        118.89    64.00   132.00   0.7869   0.4342   0.4384  -0.6085   0.4285   0.6679
        337.92    36.00    96.00  -0.2209  -0.5447   0.8090   0.3993   0.7063   0.5846
        339.50    34.00   138.00  -0.1958  -0.5238   0.8290   0.8903   0.2594   0.3742
         87.69    60.00   114.00   0.8653  -0.0349   0.5000  -0.4400   0.4248   0.7912
        119.82    70.00   126.00   0.8152   0.4673   0.3420  -0.5324   0.3723   0.7602
        259.41    28.00    92.00  -0.4615   0.0863   0.8829   0.8610  -0.1964   0.4692
         51.88    28.00   120.00   0.3694  -0.2898   0.8829  -0.2930   0.8654   0.4066
        153.40    62.00   114.00   0.3954   0.7895   0.4695  -0.5557  -0.2013   0.8066
        286.98    36.00   114.00  -0.5622  -0.1717   0.8090   0.8256  -0.1732   0.5370
         60.00    60.00   116.00   0.7500  -0.4330   0.5000  -0.1700   0.6043   0.7784
        301.03    40.00    94.00  -0.5508  -0.3314   0.7660   0.6908   0.3342   0.6412
        235.12    46.00   110.00  -0.5901   0.4114   0.6947   0.3399  -0.6539   0.6760
        201.55    52.00    96.00  -0.2894   0.7329   0.6157   0.1277  -0.6079   0.7837
        220.68    54.00    92.00  -0.5274   0.6135   0.5878   0.3565  -0.4682   0.8085
        327.18    28.00   136.00  -0.2545  -0.3945   0.8829   0.9370   0.1255   0.3261
         94.11    76.00   128.00   0.9678   0.0696   0.2419  -0.2343   0.6004   0.7646
         96.79    62.00   102.00   0.8768   0.1044   0.4695  -0.4806   0.1521   0.8637
        310.47    46.00   100.00  -0.5473  -0.4668   0.6947   0.6332   0.3119   0.7084
         25.89    24.00    98.00   0.1776  -0.3659   0.9135  -0.2698   0.8746   0.4028
        275.35    34.00   104.00  -0.5568  -0.0521   0.8290   0.8235  -0.1659   0.5426
         98.32    74.00   118.00   0.9511   0.1392   0.2756  -0.3088   0.4293   0.8487
        203.33    64.00    96.00  -0.3560   0.8253   0.4384   0.0767  -0.4417   0.8939
         60.41    54.00   108.00   0.7035  -0.3995   0.5878  -0.3335   0.5447   0.7694
         56.04    62.00   110.00   0.7323  -0.4933   0.4695  -0.1748   0.5301   0.8297
        344.48    40.00   162.00  -0.1720  -0.6194   0.7660   0.9797  -0.0263   0.1986
         51.34    56.00   136.00   0.6474  -0.5179   0.5592   0.1460   0.8044   0.5759
        135.63    52.00    96.00   0.5510   0.5633   0.6157  -0.5029  -0.3646   0.7837
        276.21    40.00   114.00  -0.6390  -0.0695   0.7660   0.7397  -0.3287   0.5872
        304.14    40.00   126.00  -0.5320  -0.3607   0.7660   0.8428  -0.1387   0.5200
        294.55    14.00   110.00  -0.2201  -0.1005   0.9703   0.9715   0.0677   0.2273
         81.63    46.00   108.00   0.7117  -0.1047   0.6947  -0.6086   0.4019   0.6841
        296.51    46.00   120.00  -0.6437  -0.3211   0.6947   0.7615  -0.1789   0.6230
         90.00    70.00   124.00   0.9397   0.0000   0.3420  -0.2835   0.5592   0.7790
        262.60    24.00   100.00  -0.4034   0.0524   0.9135   0.8698  -0.2880   0.4006
         49.70    48.00   112.00   0.5668  -0.4806   0.6691  -0.2309   0.6870   0.6890
         69.84    44.00   112.00   0.6521  -0.2394   0.7193  -0.4970   0.5815   0.6441
        134.44    64.00   146.00   0.6417   0.6294   0.4384  -0.7555   0.4202   0.5026
        214.62    60.00   108.00  -0.4920   0.7127   0.5000   0.0158  -0.5669   0.8236
        264.93    52.00   122.00  -0.7849   0.0696   0.6157   0.4732  -0.5740   0.6683
        222.48    44.00    96.00  -0.4691   0.5123   0.7193   0.4060  -0.5982   0.6909
         72.25    52.00    96.00   0.7505  -0.2402   0.6157  -0.5513   0.2862   0.7837
        213.29    54.00    92.00  -0.4440   0.6763   0.5878   0.2932  -0.5102   0.8085
        154.11    54.00   124.00   0.3533   0.7278   0.5878  -0.7158  -0.1942   0.6707
         86.90    40.00   116.00   0.6418  -0.0348   0.7660  -0.6638   0.4750   0.5777
        306.99    24.00   130.00  -0.3249  -0.2447   0.9135   0.9457  -0.0924   0.3116
         96.17    76.00   118.00   0.9647   0.1043   0.2419  -0.2628   0.4438   0.8567
         67.30    38.00    98.00   0.5680  -0.2376   0.7880  -0.6662   0.4296   0.6097
        141.78    54.00   110.00   0.5005   0.6356   0.5878  -0.6104  -0.2223   0.7602
        335.22    50.00   118.00  -0.3211  -0.6955   0.6428   0.6641   0.3185   0.6764
         72.72    44.00   118.00   0.6633  -0.2063   0.7193  -0.4670   0.6369   0.6133
        339.50    34.00   100.00  -0.1958  -0.5238   0.8290   0.4485   0.7040   0.5507
         87.21    46.00   118.00   0.7185  -0.0350   0.6947  -0.5898   0.4988   0.6351
        259.81    36.00    98.00  -0.5785   0.1040   0.8090   0.7639  -0.2787   0.5821
        122.96    52.00   142.00   0.6612   0.4287   0.6157  -0.7467   0.4550   0.4851
        207.39    50.00   106.00  -0.3524   0.6802   0.6428   0.0395  -0.6754   0.7364
        302.24    48.00   110.00  -0.6286  -0.3964   0.6691   0.7143   0.0461   0.6983
        114.15    66.00   134.00   0.8336   0.3737   0.4067  -0.5511   0.5142   0.6571
        260.53    32.00    98.00  -0.5227   0.0872   0.8480   0.8054  -0.2755   0.5248
          3.60    44.00   106.00   0.0436  -0.6933   0.7193   0.2317   0.7074   0.6677
         52.11    32.00   116.00   0.4182  -0.3255   0.8480  -0.3322   0.8141   0.4763
          3.00    42.00   156.00   0.0350  -0.6682   0.7431   0.8965   0.3497   0.2722
         80.94    62.00   114.00   0.8719  -0.1390   0.4695  -0.3595   0.4692   0.8066
        102.93    68.00   136.00   0.9037   0.2075   0.3746  -0.4146   0.6428   0.6441
        146.60    62.00   120.00   0.4860   0.7372   0.4695  -0.6412  -0.0642   0.7647
         81.58    72.00   110.00   0.9408  -0.1393   0.3090  -0.2372   0.3809   0.8937
        101.32    62.00   152.00   0.8658   0.1733   0.4695  -0.3894   0.8225   0.4145
        244.62    60.00   102.00  -0.7824   0.3713   0.5000   0.3527  -0.3975   0.8471
         74.15    62.00   106.00   0.8494  -0.2411   0.4695  -0.3589   0.3884   0.8487
         84.42    46.00    94.00   0.7159  -0.0700   0.6947  -0.6829   0.1368   0.7176
        139.32    54.00    92.00   0.5274   0.6135   0.5878  -0.4094  -0.4227   0.8085
        145.57    56.00   120.00   0.4687   0.6838   0.5592  -0.6862  -0.1167   0.7180
        108.11    62.00   142.00   0.8392   0.2745   0.4695  -0.5197   0.6591   0.5436
        213.58    48.00   104.00  -0.4111   0.6191   0.6691   0.1576  -0.6747   0.7211
        346.22    38.00   116.00  -0.1467  -0.5979   0.7880   0.5945   0.5834   0.5534
        251.86    46.00   100.00  -0.6836   0.2240   0.6947   0.5960  -0.3780   0.7084
         81.38    68.00    94.00   0.9167  -0.1390   0.3746  -0.3590   0.1250   0.9249
        205.52    48.00   108.00  -0.3202   0.6706   0.6691  -0.0047  -0.7074   0.7068
         78.48    44.00   110.00   0.6807  -0.1387   0.7193  -0.5940   0.4701   0.6528
         71.19    48.00   126.00   0.7035  -0.2396   0.6691  -0.3230   0.7309   0.6012
        195.37    66.00    96.00  -0.2421   0.8809   0.4067   0.0064  -0.4177   0.9085
         92.06    76.00   124.00   0.9697   0.0348   0.2419  -0.2205   0.5516   0.8044
        253.02    36.00   102.00  -0.5622   0.1717   0.8090   0.6961  -0.4300   0.5749
        127.61    48.00   136.00   0.5887   0.4535   0.6691  -0.8072   0.2862   0.5162
        126.24    56.00   132.00   0.6686   0.4901   0.5592  -0.7307   0.2940   0.6161
        288.00    42.00   132.00  -0.6364  -0.2068   0.7431   0.7320  -0.4657   0.4973
        293.72    46.00   108.00  -0.6586  -0.2894   0.6947   0.7292  -0.0171   0.6841
        130.00    58.00   108.00   0.6496   0.5451   0.5299  -0.5847  -0.0872   0.8065
        341.51    24.00   114.00  -0.1290  -0.3857   0.9135   0.6505   0.6625   0.3716
         18.00    42.00   108.00   0.2068  -0.6364   0.7431   0.0755   0.7677   0.6364
        342.97    38.00   120.00  -0.1803  -0.5887   0.7880   0.6779   0.5061   0.5332
         99.06    62.00    98.00   0.8719   0.1390   0.4695  -0.4810   0.0643   0.8744
        261.00    42.00   106.00  -0.6609   0.1047   0.7431   0.6624  -0.3840   0.6432
         53.76    56.00   124.00   0.6686  -0.4901   0.5592  -0.0433   0.7251   0.6873
        290.93    46.00   110.00  -0.6719  -0.2570   0.6947   0.7319  -0.0863   0.6760
        136.15    60.00   130.00   0.5999   0.6246   0.5000  -0.7289   0.1690   0.6634
         70.67    56.00   114.00   0.7823  -0.2744   0.5592  -0.3474   0.5529   0.7574
         90.00    52.00   136.00   0.7880   0.0000   0.6157  -0.4277   0.7193   0.5474
        104.79    54.00   106.00   0.7822   0.2066   0.5878  -0.6167   0.1222   0.7777
        249.23    60.00   122.00  -0.8097   0.3071   0.5000   0.2086  -0.6458   0.7344
        274.86    12.00    92.00  -0.2072  -0.0176   0.9781   0.9770   0.0481   0.2078
         87.46    52.00   102.00   0.7872  -0.0349   0.6157  -0.5924   0.2343   0.7708
        311.76    44.00   120.00  -0.5182  -0.4627   0.7193   0.7977   0.0419   0.6016
        240.45    48.00    92.00  -0.6465   0.3665   0.6691   0.5645  -0.3602   0.7427
        334.48    48.00   154.00  -0.3202  -0.6706   0.6691   0.9375  -0.1226   0.3258
        118.70    50.00   114.00   0.6720   0.3678   0.6428  -0.7104   0.0748   0.6998
         98.64    44.00   132.00   0.6868   0.1044   0.7193  -0.6290   0.5812   0.5162
        127.78    64.00    94.00   0.7104   0.5506   0.4384  -0.3884  -0.2128   0.8966
        263.21    36.00   104.00  -0.5837   0.0695   0.8090   0.7509  -0.3331   0.5703
        235.12    46.00   114.00  -0.5901   0.4114   0.6947   0.2880  -0.6966   0.6571
        117.91    46.00   132.00   0.6357   0.3367   0.6947  -0.7694   0.3497   0.5346
         96.67    64.00   136.00   0.8927   0.1043   0.4384  -0.3860   0.6791   0.6244
        339.88    28.00   154.00  -0.1615  -0.4408   0.8829   0.9771   0.0543   0.2058
        119.55    48.00   112.00   0.6465   0.3665   0.6691  -0.7245   0.0199   0.6890
         71.18    58.00   114.00   0.8027  -0.2736   0.5299  -0.3270   0.5412   0.7747
        339.00    42.00    94.00  -0.2398  -0.6247   0.7431   0.3308   0.6671   0.6675
        111.05    72.00   128.00   0.8876   0.3416   0.3090  -0.4484   0.4871   0.7494
         87.97    80.00    92.00   0.9842  -0.0350   0.1736  -0.1722   0.0410   0.9842
         85.93    80.00   118.00   0.9823  -0.0699   0.1736  -0.1196   0.4792   0.8695
        137.06    58.00   120.00   0.5777   0.6208   0.5299  -0.6787   0.0047   0.7344
        323.28    44.00    96.00  -0.4153  -0.5568   0.7193   0.5115   0.5109   0.6909
        237.69    60.00   124.00  -0.7320   0.4629   0.5000   0.0515  -0.6942   0.7180
          5.68    38.00   108.00   0.0609  -0.6126   0.7880   0.2334   0.7763   0.5855
        214.23    52.00   120.00  -0.4432   0.6516   0.6157  -0.1135  -0.7221   0.6824
        210.00    50.00   118.00  -0.3830   0.6634   0.6428  -0.1228  -0.7262   0.6764
         40.34    40.00   108.00   0.4161  -0.4899   0.7660  -0.2361   0.7553   0.6113
         18.65    38.00   130.00   0.1969  -0.5833   0.7880   0.4160   0.7775   0.4716
         84.78    50.00   130.00   0.7629  -0.0697   0.6428  -0.4319   0.6849   0.5868
         49.70    48.00    92.00   0.5668  -0.4806   0.6691  -0.4875   0.4591   0.7427
        162.94    58.00    96.00   0.2488   0.8107   0.5299  -0.2545  -0.4732   0.8434
        257.32    52.00   120.00  -0.7688   0.1729   0.6157   0.4105  -0.6048   0.6824
        104.40    76.00   110.00   0.9398   0.2413   0.2419  -0.3052   0.2747   0.9118
        246.92    60.00    96.00  -0.7967   0.3395   0.5000   0.4165  -0.2911   0.8613
        311.74    50.00   126.00  -0.5716  -0.5100   0.6428   0.7793  -0.0924   0.6197
        314.15    36.00    94.00  -0.4217  -0.4094   0.8090   0.6277   0.5121   0.5864
        268.22    34.00   118.00  -0.5589   0.0174   0.8290   0.7170  -0.4920   0.4937
         95.22    50.00   122.00   0.7629   0.0697   0.6428  -0.5910   0.4782   0.6496
         12.41    40.00   150.00   0.1382  -0.6278   0.7660   0.7634   0.5602   0.3214
         66.52    50.00   108.00   0.7026  -0.3052   0.6428  -0.4376   0.5270   0.7286
        248.40    44.00   112.00  -0.6459   0.2557   0.7193   0.4822  -0.5938   0.6441
         90.00    56.00   110.00   0.8290   0.0000   0.5592  -0.5255   0.3420   0.7790
        322.00    30.00   146.00  -0.3078  -0.3940   0.8660   0.9514  -0.1288   0.2796
         90.00    64.00    98.00   0.8988   0.0000   0.4384  -0.4341   0.1392   0.8900
         83.33    64.00   110.00   0.8927  -0.1043   0.4384  -0.3694   0.3875   0.8446
        225.36    44.00    96.00  -0.4943   0.4881   0.7193   0.4356  -0.5771   0.6909
        310.75    36.00   136.00  -0.4453  -0.3837   0.8090   0.8953  -0.1780   0.4083
        146.47    58.00   106.00   0.4684   0.7069   0.5299  -0.5111  -0.2724   0.8152
        257.67    54.00   106.00  -0.7904   0.1727   0.5878   0.4931  -0.3899   0.7777
        260.23    46.00   104.00  -0.7089   0.1220   0.6947   0.6232  -0.3528   0.6980
        117.89    52.00    98.00   0.6965   0.3686   0.6157  -0.6040  -0.1622   0.7803
        314.35    50.00   134.00  -0.5478  -0.5355   0.6428   0.8162  -0.1735   0.5510
        339.85    48.00   136.00  -0.2560  -0.6977   0.6691   0.8354   0.1886   0.5162
         34.23    52.00   114.00   0.4432  -0.6516   0.6157   0.0200   0.6938   0.7199
        133.11    68.00    96.00   0.6768   0.6337   0.3746  -0.3434  -0.1783   0.9221
         31.69    52.00   102.00   0.4140  -0.6705   0.6157  -0.1394   0.6216   0.7708
         74.48    40.00   134.00   0.6194  -0.1720   0.7660  -0.3451   0.8168   0.4624
        326.96    26.00   144.00  -0.2390  -0.3675   0.8988   0.9662   0.0018   0.2577
         59.58    52.00   126.00   0.6795  -0.3990   0.6157  -0.1319   0.7591   0.6375
        300.24    44.00   126.00  -0.6001  -0.3498   0.7193   0.7988  -0.2147   0.5620
        287.26    24.00   102.00  -0.3884  -0.1207   0.9135   0.9150   0.0666   0.3978
        102.97    38.00   112.00   0.5999   0.1382   0.7880  -0.7961   0.2010   0.5708
        270.00    52.00   106.00  -0.7880  -0.0000   0.6157   0.5918  -0.2756   0.7575
        346.74    46.00   128.00  -0.1649  -0.7002   0.6947   0.7248   0.3916   0.5668
         50.87    50.00    94.00   0.5942  -0.4834   0.6428  -0.4534   0.4588   0.7642
         99.41    58.00   138.00   0.8366   0.1387   0.5299  -0.4713   0.6752   0.5675
         55.44    44.00   124.00   0.5721  -0.3941   0.7193  -0.1739   0.7988   0.5759
         15.12    44.00   134.00   0.1812  -0.6706   0.7193   0.5356   0.6807   0.4997
         66.96    44.00    92.00   0.6392  -0.2719   0.7193  -0.6479   0.3135   0.6942
        302.21    32.00   122.00  -0.4484  -0.2825   0.8480   0.8910  -0.0650   0.4494
        110.28    52.00   102.00   0.7392   0.2732   0.6157  -0.6369  -0.0137   0.7708
        327.21    46.00   104.00  -0.3896  -0.6047   0.6947   0.5684   0.4356   0.6980
        293.17    34.00    96.00  -0.5141  -0.2200   0.8290   0.7991   0.2283   0.5561
